WARNING: A terminally deprecated method in sun.misc.Unsafe has been called
WARNING: sun.misc.Unsafe::objectFieldOffset has been called by io.netty.util.internal.PlatformDependent0$4 (file:/Users/thassiamiyamura/.cache/firebase/emulators/cloud-firestore-emulator-v1.19.8.jar)
WARNING: Please consider reporting this to the maintainers of class io.netty.util.internal.PlatformDependent0$4
WARNING: sun.misc.Unsafe::objectFieldOffset will be removed in a future release
Sept 10, 2025 5:28:03 PM com.google.cloud.datastore.emulator.firestore.websocket.WebSocketServer start
INFO: Started WebSocket server on ws://127.0.0.1:9150
API endpoint: http://127.0.0.1:8080
If you are using a library that supports the FIRESTORE_EMULATOR_HOST environment variable, run:

   export FIRESTORE_EMULATOR_HOST=127.0.0.1:8080

If you are running a Firestore in Datastore Mode project, run:

   export DATASTORE_EMULATOR_HOST=127.0.0.1:8080

Note: Support for Datastore Mode is in preview. If you encounter any bugs please file at https://github.com/firebase/firebase-tools/issues.
Dev App Server is now running.

Sept 10, 2025 5:28:07 PM io.gapi.emulators.netty.HttpVersionRoutingHandler channelRead
INFO: Detected non-HTTP/2 connection.
Sept 10, 2025 5:28:07 PM com.google.cloud.datastore.emulator.impl.context.EmulatorAuthorization warnAboutSecuredJwt
WARNING: expected an unsecured JWT, the emulator does not validate JWTs and IS NOT SECURE
Multiple projectIds are not recommended in single project mode. Requested project ID precificador-fce6f, but the emulator is configured for precificador-dev. To opt-out of single project mode add/set the '"singleProjectMode": false' property in the firebase.json emulators config.
Sept 10, 2025 5:28:07 PM io.gapi.emulators.netty.HttpVersionRoutingHandler channelRead
INFO: Detected non-HTTP/2 connection.
Sept 10, 2025 5:28:07 PM io.gapi.emulators.netty.HttpVersionRoutingHandler channelRead
INFO: Detected non-HTTP/2 connection.
Sept 10, 2025 5:28:07 PM io.gapi.emulators.netty.HttpVersionRoutingHandler channelRead
INFO: Detected non-HTTP/2 connection.
Sept 10, 2025 5:28:16 PM com.google.cloud.datastore.emulator.firestore.websocket.WebSocketChannelHandler initChannel
INFO: Connected to new websocket client
Sept 10, 2025 5:28:16 PM io.gapi.emulators.netty.HttpVersionRoutingHandler channelRead
INFO: Detected non-HTTP/2 connection.
Sept 10, 2025 5:28:16 PM io.gapi.emulators.netty.HttpVersionRoutingHandler channelRead
INFO: Detected HTTP/2 connection.
Sept 10, 2025 5:28:26 PM io.gapi.emulators.netty.HttpVersionRoutingHandler channelRead
INFO: Detected non-HTTP/2 connection.
Multiple projectIds are not recommended in single project mode. Requested project ID precificador-fce6f, but the emulator is configured for precificador-dev. To opt-out of single project mode add/set the '"singleProjectMode": false' property in the firebase.json emulators config.
Sept 10, 2025 5:28:26 PM com.google.cloud.datastore.emulator.impl.context.EmulatorAuthorization warnAboutSecuredJwt
WARNING: expected an unsecured JWT, the emulator does not validate JWTs and IS NOT SECURE
Sept 10, 2025 5:28:26 PM io.gapi.emulators.netty.HttpVersionRoutingHandler channelRead
INFO: Detected non-HTTP/2 connection.
Sept 10, 2025 5:28:26 PM io.gapi.emulators.netty.HttpVersionRoutingHandler channelRead
INFO: Detected non-HTTP/2 connection.
Sept 10, 2025 5:28:26 PM io.gapi.emulators.netty.HttpVersionRoutingHandler channelRead
INFO: Detected non-HTTP/2 connection.
Sept 10, 2025 5:28:26 PM io.gapi.emulators.netty.HttpVersionRoutingHandler channelRead
INFO: Detected non-HTTP/2 connection.
Sept 10, 2025 5:28:27 PM io.gapi.emulators.netty.HttpVersionRoutingHandler channelRead
INFO: Detected non-HTTP/2 connection.
Sept 10, 2025 5:28:27 PM io.gapi.emulators.netty.HttpVersionRoutingHandler channelRead
INFO: Detected non-HTTP/2 connection.
Sept 10, 2025 5:29:07 PM io.gapi.emulators.netty.HttpVersionRoutingHandler channelRead
INFO: Detected non-HTTP/2 connection.
Sept 10, 2025 5:29:07 PM io.gapi.emulators.netty.HttpVersionRoutingHandler channelRead
INFO: Detected non-HTTP/2 connection.
Sept 10, 2025 5:29:07 PM com.google.cloud.datastore.emulator.firestore.webchannel.FirestoreV1WebChannelAdapter$FirestoreWriteHandler onClose
INFO: channel closed
Sept 10, 2025 5:29:25 PM io.gapi.emulators.netty.HttpVersionRoutingHandler channelRead
INFO: Detected non-HTTP/2 connection.
Sept 10, 2025 5:29:25 PM io.gapi.emulators.netty.HttpVersionRoutingHandler channelRead
INFO: Detected non-HTTP/2 connection.
Sept 10, 2025 5:29:25 PM io.gapi.emulators.netty.HttpVersionRoutingHandler channelRead
INFO: Detected non-HTTP/2 connection.
Sept 10, 2025 5:29:25 PM io.gapi.emulators.netty.HttpVersionRoutingHandler channelRead
INFO: Detected non-HTTP/2 connection.
Sept 10, 2025 5:29:25 PM io.gapi.emulators.netty.HttpVersionRoutingHandler channelRead
INFO: Detected non-HTTP/2 connection.
Sept 10, 2025 5:30:10 PM io.gapi.emulators.netty.HttpVersionRoutingHandler channelRead
INFO: Detected non-HTTP/2 connection.
Sept 10, 2025 5:30:25 PM io.gapi.emulators.netty.HttpVersionRoutingHandler channelRead
INFO: Detected non-HTTP/2 connection.
Sept 10, 2025 5:30:25 PM com.google.cloud.datastore.emulator.firestore.webchannel.FirestoreV1WebChannelAdapter$FirestoreListenHandler onClose
INFO: channel closed
Sept 10, 2025 5:31:41 PM io.gapi.emulators.netty.HttpVersionRoutingHandler channelRead
INFO: Detected non-HTTP/2 connection.
Multiple projectIds are not recommended in single project mode. Requested project ID precificador-fce6f, but the emulator is configured for precificador-dev. To opt-out of single project mode add/set the '"singleProjectMode": false' property in the firebase.json emulators config.
Sept 10, 2025 5:31:41 PM com.google.cloud.datastore.emulator.impl.context.EmulatorAuthorization warnAboutSecuredJwt
WARNING: expected an unsecured JWT, the emulator does not validate JWTs and IS NOT SECURE
Sept 10, 2025 5:31:41 PM io.gapi.emulators.netty.HttpVersionRoutingHandler channelRead
INFO: Detected non-HTTP/2 connection.
Sept 10, 2025 5:31:41 PM io.gapi.emulators.netty.HttpVersionRoutingHandler channelRead
INFO: Detected non-HTTP/2 connection.
Sept 10, 2025 5:31:41 PM io.gapi.emulators.netty.HttpVersionRoutingHandler channelRead
INFO: Detected non-HTTP/2 connection.
Sept 10, 2025 5:31:46 PM io.gapi.emulators.netty.HttpVersionRoutingHandler channelRead
INFO: Detected non-HTTP/2 connection.
Sept 10, 2025 5:31:47 PM io.gapi.emulators.netty.HttpVersionRoutingHandler channelRead
INFO: Detected non-HTTP/2 connection.
Sept 10, 2025 5:31:47 PM io.gapi.emulators.netty.HttpVersionRoutingHandler channelRead
INFO: Detected non-HTTP/2 connection.
Sept 10, 2025 5:31:47 PM io.gapi.emulators.netty.HttpVersionRoutingHandler channelRead
INFO: Detected non-HTTP/2 connection.
Sept 10, 2025 5:32:47 PM io.gapi.emulators.netty.HttpVersionRoutingHandler channelRead
INFO: Detected non-HTTP/2 connection.
Sept 10, 2025 5:32:47 PM com.google.cloud.datastore.emulator.firestore.webchannel.FirestoreV1WebChannelAdapter$FirestoreListenHandler onClose
INFO: channel closed
Sept 10, 2025 5:34:42 PM io.gapi.emulators.netty.HttpVersionRoutingHandler channelRead
INFO: Detected non-HTTP/2 connection.
Multiple projectIds are not recommended in single project mode. Requested project ID precificador-fce6f, but the emulator is configured for precificador-dev. To opt-out of single project mode add/set the '"singleProjectMode": false' property in the firebase.json emulators config.
Sept 10, 2025 5:34:42 PM com.google.cloud.datastore.emulator.impl.context.EmulatorAuthorization warnAboutSecuredJwt
WARNING: expected an unsecured JWT, the emulator does not validate JWTs and IS NOT SECURE
Sept 10, 2025 5:34:42 PM io.gapi.emulators.netty.HttpVersionRoutingHandler channelRead
INFO: Detected non-HTTP/2 connection.
Sept 10, 2025 5:34:42 PM io.gapi.emulators.netty.HttpVersionRoutingHandler channelRead
INFO: Detected non-HTTP/2 connection.
Sept 10, 2025 5:34:42 PM io.gapi.emulators.netty.HttpVersionRoutingHandler channelRead
INFO: Detected non-HTTP/2 connection.
Sept 10, 2025 5:35:42 PM io.gapi.emulators.netty.HttpVersionRoutingHandler channelRead
INFO: Detected non-HTTP/2 connection.
Sept 10, 2025 5:35:42 PM com.google.cloud.datastore.emulator.firestore.webchannel.FirestoreV1WebChannelAdapter$FirestoreListenHandler onClose
INFO: channel closed
Sept 10, 2025 5:41:02 PM io.gapi.emulators.netty.HttpVersionRoutingHandler channelRead
INFO: Detected non-HTTP/2 connection.
Multiple projectIds are not recommended in single project mode. Requested project ID precificador-fce6f, but the emulator is configured for precificador-dev. To opt-out of single project mode add/set the '"singleProjectMode": false' property in the firebase.json emulators config.
Sept 10, 2025 5:41:02 PM com.google.cloud.datastore.emulator.impl.context.EmulatorAuthorization warnAboutSecuredJwt
WARNING: expected an unsecured JWT, the emulator does not validate JWTs and IS NOT SECURE
Sept 10, 2025 5:41:02 PM io.gapi.emulators.netty.HttpVersionRoutingHandler channelRead
INFO: Detected non-HTTP/2 connection.
Sept 10, 2025 5:41:02 PM io.gapi.emulators.netty.HttpVersionRoutingHandler channelRead
INFO: Detected non-HTTP/2 connection.
Sept 10, 2025 5:41:02 PM io.gapi.emulators.netty.HttpVersionRoutingHandler channelRead
INFO: Detected non-HTTP/2 connection.
Sept 10, 2025 6:03:03 PM io.gapi.emulators.netty.HttpVersionRoutingHandler channelRead
INFO: Detected non-HTTP/2 connection.
Multiple projectIds are not recommended in single project mode. Requested project ID precificador-fce6f, but the emulator is configured for precificador-dev. To opt-out of single project mode add/set the '"singleProjectMode": false' property in the firebase.json emulators config.
Sept 10, 2025 6:03:03 PM com.google.cloud.datastore.emulator.impl.context.EmulatorAuthorization warnAboutSecuredJwt
WARNING: expected an unsecured JWT, the emulator does not validate JWTs and IS NOT SECURE
Sept 10, 2025 6:03:03 PM io.gapi.emulators.netty.HttpVersionRoutingHandler channelRead
INFO: Detected non-HTTP/2 connection.
Sept 10, 2025 6:03:03 PM io.gapi.emulators.netty.HttpVersionRoutingHandler channelRead
INFO: Detected non-HTTP/2 connection.
Sept 10, 2025 6:03:03 PM io.gapi.emulators.netty.HttpVersionRoutingHandler channelRead
INFO: Detected non-HTTP/2 connection.
Sept 10, 2025 6:04:03 PM io.gapi.emulators.netty.HttpVersionRoutingHandler channelRead
INFO: Detected non-HTTP/2 connection.
Sept 10, 2025 6:04:03 PM com.google.cloud.datastore.emulator.firestore.webchannel.FirestoreV1WebChannelAdapter$FirestoreListenHandler onClose
INFO: channel closed
Sept 10, 2025 6:04:10 PM io.gapi.emulators.netty.HttpVersionRoutingHandler channelRead
INFO: Detected non-HTTP/2 connection.
Multiple projectIds are not recommended in single project mode. Requested project ID precificador-fce6f, but the emulator is configured for precificador-dev. To opt-out of single project mode add/set the '"singleProjectMode": false' property in the firebase.json emulators config.
Sept 10, 2025 6:04:10 PM com.google.cloud.datastore.emulator.impl.context.EmulatorAuthorization warnAboutSecuredJwt
WARNING: expected an unsecured JWT, the emulator does not validate JWTs and IS NOT SECURE
Sept 10, 2025 6:04:10 PM io.gapi.emulators.netty.HttpVersionRoutingHandler channelRead
INFO: Detected non-HTTP/2 connection.
Sept 10, 2025 6:04:10 PM io.gapi.emulators.netty.HttpVersionRoutingHandler channelRead
INFO: Detected non-HTTP/2 connection.
Sept 10, 2025 6:04:10 PM io.gapi.emulators.netty.HttpVersionRoutingHandler channelRead
INFO: Detected non-HTTP/2 connection.
Sept 10, 2025 6:05:10 PM io.gapi.emulators.netty.HttpVersionRoutingHandler channelRead
INFO: Detected non-HTTP/2 connection.
Sept 10, 2025 6:05:10 PM com.google.cloud.datastore.emulator.firestore.webchannel.FirestoreV1WebChannelAdapter$FirestoreListenHandler onClose
INFO: channel closed
Sept 10, 2025 8:57:24 PM io.gapi.emulators.netty.HttpVersionRoutingHandler channelRead
INFO: Detected non-HTTP/2 connection.
Multiple projectIds are not recommended in single project mode. Requested project ID precificador-fce6f, but the emulator is configured for precificador-dev. To opt-out of single project mode add/set the '"singleProjectMode": false' property in the firebase.json emulators config.
Sept 10, 2025 8:57:25 PM com.google.cloud.datastore.emulator.impl.context.EmulatorAuthorization warnAboutSecuredJwt
WARNING: expected an unsecured JWT, the emulator does not validate JWTs and IS NOT SECURE
Sept 10, 2025 8:57:25 PM io.gapi.emulators.netty.HttpVersionRoutingHandler channelRead
INFO: Detected non-HTTP/2 connection.
Sept 10, 2025 8:57:25 PM io.gapi.emulators.netty.HttpVersionRoutingHandler channelRead
INFO: Detected non-HTTP/2 connection.
Sept 10, 2025 8:57:25 PM io.gapi.emulators.netty.HttpVersionRoutingHandler channelRead
INFO: Detected non-HTTP/2 connection.
Sept 10, 2025 8:57:52 PM io.gapi.emulators.netty.HttpVersionRoutingHandler channelRead
INFO: Detected non-HTTP/2 connection.
Sept 10, 2025 8:57:52 PM io.gapi.emulators.netty.HttpVersionRoutingHandler channelRead
INFO: Detected non-HTTP/2 connection.
Sept 10, 2025 8:57:52 PM io.gapi.emulators.netty.HttpVersionRoutingHandler channelRead
INFO: Detected non-HTTP/2 connection.
Sept 10, 2025 8:58:22 PM io.gapi.emulators.netty.HttpVersionRoutingHandler channelRead
INFO: Detected non-HTTP/2 connection.
Sept 10, 2025 8:58:52 PM io.gapi.emulators.netty.HttpVersionRoutingHandler channelRead
INFO: Detected non-HTTP/2 connection.
Sept 10, 2025 8:58:52 PM com.google.cloud.datastore.emulator.firestore.webchannel.FirestoreV1WebChannelAdapter$FirestoreListenHandler onClose
INFO: channel closed
Sept 10, 2025 9:01:24 PM io.gapi.emulators.netty.HttpVersionRoutingHandler channelRead
INFO: Detected non-HTTP/2 connection.
Sept 10, 2025 9:01:24 PM com.google.cloud.datastore.emulator.impl.context.EmulatorAuthorization warnAboutSecuredJwt
WARNING: expected an unsecured JWT, the emulator does not validate JWTs and IS NOT SECURE
Multiple projectIds are not recommended in single project mode. Requested project ID precificador-fce6f, but the emulator is configured for precificador-dev. To opt-out of single project mode add/set the '"singleProjectMode": false' property in the firebase.json emulators config.
Sept 10, 2025 9:01:24 PM io.gapi.emulators.netty.HttpVersionRoutingHandler channelRead
INFO: Detected non-HTTP/2 connection.
Sept 10, 2025 9:01:24 PM io.gapi.emulators.netty.HttpVersionRoutingHandler channelRead
INFO: Detected non-HTTP/2 connection.
Sept 10, 2025 9:01:24 PM io.gapi.emulators.netty.HttpVersionRoutingHandler channelRead
INFO: Detected non-HTTP/2 connection.
Sept 10, 2025 9:02:24 PM io.gapi.emulators.netty.HttpVersionRoutingHandler channelRead
INFO: Detected non-HTTP/2 connection.
Sept 10, 2025 9:02:24 PM com.google.cloud.datastore.emulator.firestore.webchannel.FirestoreV1WebChannelAdapter$FirestoreListenHandler onClose
INFO: channel closed
Sept 10, 2025 9:39:22 PM com.google.cloud.datastore.emulator.firestore.websocket.WebSocketChannelHandler channelClosed
INFO: Websocket client disconnected
Sept 11, 2025 11:55:07 AM io.gapi.emulators.netty.HttpVersionRoutingHandler channelRead
INFO: Detected non-HTTP/2 connection.
Multiple projectIds are not recommended in single project mode. Requested project ID precificador-fce6f, but the emulator is configured for precificador-dev. To opt-out of single project mode add/set the '"singleProjectMode": false' property in the firebase.json emulators config.
Sept 11, 2025 11:55:08 AM com.google.cloud.datastore.emulator.impl.context.EmulatorAuthorization warnAboutSecuredJwt
WARNING: expected an unsecured JWT, the emulator does not validate JWTs and IS NOT SECURE
Sept 11, 2025 11:55:08 AM io.gapi.emulators.netty.HttpVersionRoutingHandler channelRead
INFO: Detected non-HTTP/2 connection.
Sept 11, 2025 11:55:08 AM io.gapi.emulators.netty.HttpVersionRoutingHandler channelRead
INFO: Detected non-HTTP/2 connection.
Sept 11, 2025 11:55:55 AM io.gapi.emulators.netty.HttpVersionRoutingHandler channelRead
INFO: Detected non-HTTP/2 connection.
Sept 11, 2025 11:55:55 AM io.gapi.emulators.netty.HttpVersionRoutingHandler channelRead
INFO: Detected non-HTTP/2 connection.
Sept 11, 2025 11:56:06 AM io.gapi.emulators.netty.HttpVersionRoutingHandler channelRead
INFO: Detected non-HTTP/2 connection.
Sept 11, 2025 11:56:08 AM io.gapi.emulators.netty.HttpVersionRoutingHandler channelRead
INFO: Detected non-HTTP/2 connection.
Multiple projectIds are not recommended in single project mode. Requested project ID precificador-fce6f, but the emulator is configured for precificador-dev. To opt-out of single project mode add/set the '"singleProjectMode": false' property in the firebase.json emulators config.
Sept 11, 2025 11:56:08 AM com.google.cloud.datastore.emulator.impl.context.EmulatorAuthorization warnAboutSecuredJwt
WARNING: expected an unsecured JWT, the emulator does not validate JWTs and IS NOT SECURE
Sept 11, 2025 11:56:08 AM io.gapi.emulators.netty.HttpVersionRoutingHandler channelRead
INFO: Detected non-HTTP/2 connection.
Sept 11, 2025 11:56:08 AM io.gapi.emulators.netty.HttpVersionRoutingHandler channelRead
INFO: Detected non-HTTP/2 connection.
Sept 11, 2025 11:56:08 AM io.gapi.emulators.netty.HttpVersionRoutingHandler channelRead
INFO: Detected non-HTTP/2 connection.
Sept 11, 2025 11:56:52 AM io.gapi.emulators.netty.HttpVersionRoutingHandler channelRead
INFO: Detected non-HTTP/2 connection.
Sept 11, 2025 11:56:52 AM io.gapi.emulators.netty.HttpVersionRoutingHandler channelRead
INFO: Detected non-HTTP/2 connection.
Sept 11, 2025 11:57:08 AM io.gapi.emulators.netty.HttpVersionRoutingHandler channelRead
INFO: Detected non-HTTP/2 connection.
Sept 11, 2025 11:57:08 AM com.google.cloud.datastore.emulator.firestore.webchannel.FirestoreV1WebChannelAdapter$FirestoreListenHandler onClose
INFO: channel closed
Sept 11, 2025 11:57:08 AM io.gapi.emulators.netty.HttpVersionRoutingHandler channelRead
INFO: Detected non-HTTP/2 connection.
Sept 11, 2025 11:57:18 AM io.gapi.emulators.netty.HttpVersionRoutingHandler channelRead
INFO: Detected non-HTTP/2 connection.
Sept 11, 2025 11:57:19 AM io.gapi.emulators.netty.HttpVersionRoutingHandler channelRead
INFO: Detected non-HTTP/2 connection.
Multiple projectIds are not recommended in single project mode. Requested project ID precificador-fce6f, but the emulator is configured for precificador-dev. To opt-out of single project mode add/set the '"singleProjectMode": false' property in the firebase.json emulators config.
Sept 11, 2025 11:57:19 AM com.google.cloud.datastore.emulator.impl.context.EmulatorAuthorization warnAboutSecuredJwt
WARNING: expected an unsecured JWT, the emulator does not validate JWTs and IS NOT SECURE
Sept 11, 2025 11:57:19 AM io.gapi.emulators.netty.HttpVersionRoutingHandler channelRead
INFO: Detected non-HTTP/2 connection.
Sept 11, 2025 11:57:19 AM io.gapi.emulators.netty.HttpVersionRoutingHandler channelRead
INFO: Detected non-HTTP/2 connection.
Sept 11, 2025 11:57:19 AM io.gapi.emulators.netty.HttpVersionRoutingHandler channelRead
INFO: Detected non-HTTP/2 connection.
Sept 11, 2025 11:57:48 AM io.gapi.emulators.netty.HttpVersionRoutingHandler channelRead
INFO: Detected non-HTTP/2 connection.
Sept 11, 2025 11:58:18 AM io.gapi.emulators.netty.HttpVersionRoutingHandler channelRead
INFO: Detected non-HTTP/2 connection.
Sept 11, 2025 11:58:18 AM com.google.cloud.datastore.emulator.firestore.webchannel.FirestoreV1WebChannelAdapter$FirestoreWriteHandler onClose
INFO: channel closed
Sept 11, 2025 11:58:19 AM io.gapi.emulators.netty.HttpVersionRoutingHandler channelRead
INFO: Detected non-HTTP/2 connection.
Sept 11, 2025 11:58:19 AM com.google.cloud.datastore.emulator.firestore.webchannel.FirestoreV1WebChannelAdapter$FirestoreListenHandler onClose
INFO: channel closed
Sept 11, 2025 12:12:52 PM io.gapi.emulators.netty.HttpVersionRoutingHandler channelRead
INFO: Detected non-HTTP/2 connection.
Multiple projectIds are not recommended in single project mode. Requested project ID precificador-fce6f, but the emulator is configured for precificador-dev. To opt-out of single project mode add/set the '"singleProjectMode": false' property in the firebase.json emulators config.
Sept 11, 2025 12:12:52 PM com.google.cloud.datastore.emulator.impl.context.EmulatorAuthorization warnAboutSecuredJwt
WARNING: expected an unsecured JWT, the emulator does not validate JWTs and IS NOT SECURE
Sept 11, 2025 12:12:52 PM io.gapi.emulators.netty.HttpVersionRoutingHandler channelRead
INFO: Detected non-HTTP/2 connection.
Sept 11, 2025 12:12:52 PM io.gapi.emulators.netty.HttpVersionRoutingHandler channelRead
INFO: Detected non-HTTP/2 connection.
Sept 11, 2025 12:12:52 PM io.gapi.emulators.netty.HttpVersionRoutingHandler channelRead
INFO: Detected non-HTTP/2 connection.
Sept 11, 2025 12:13:52 PM io.gapi.emulators.netty.HttpVersionRoutingHandler channelRead
INFO: Detected non-HTTP/2 connection.
Sept 11, 2025 12:13:52 PM com.google.cloud.datastore.emulator.firestore.webchannel.FirestoreV1WebChannelAdapter$FirestoreListenHandler onClose
INFO: channel closed
Sept 11, 2025 12:22:59 PM io.gapi.emulators.netty.HttpVersionRoutingHandler channelRead
INFO: Detected non-HTTP/2 connection.
Multiple projectIds are not recommended in single project mode. Requested project ID precificador-fce6f, but the emulator is configured for precificador-dev. To opt-out of single project mode add/set the '"singleProjectMode": false' property in the firebase.json emulators config.
Sept 11, 2025 12:22:59 PM com.google.cloud.datastore.emulator.impl.context.EmulatorAuthorization warnAboutSecuredJwt
WARNING: expected an unsecured JWT, the emulator does not validate JWTs and IS NOT SECURE
Sept 11, 2025 12:22:59 PM io.gapi.emulators.netty.HttpVersionRoutingHandler channelRead
INFO: Detected non-HTTP/2 connection.
Sept 11, 2025 12:22:59 PM io.gapi.emulators.netty.HttpVersionRoutingHandler channelRead
INFO: Detected non-HTTP/2 connection.
Sept 11, 2025 12:22:59 PM io.gapi.emulators.netty.HttpVersionRoutingHandler channelRead
INFO: Detected non-HTTP/2 connection.
Sept 11, 2025 12:23:59 PM io.gapi.emulators.netty.HttpVersionRoutingHandler channelRead
INFO: Detected non-HTTP/2 connection.
Sept 11, 2025 12:23:59 PM com.google.cloud.datastore.emulator.firestore.webchannel.FirestoreV1WebChannelAdapter$FirestoreListenHandler onClose
INFO: channel closed
Sept 11, 2025 1:07:29 PM com.google.cloud.datastore.emulator.firestore.websocket.WebSocketChannelHandler initChannel
INFO: Connected to new websocket client
Sept 11, 2025 3:56:57 PM io.gapi.emulators.netty.HttpVersionRoutingHandler channelRead
INFO: Detected non-HTTP/2 connection.
Multiple projectIds are not recommended in single project mode. Requested project ID precificador-fce6f, but the emulator is configured for precificador-dev. To opt-out of single project mode add/set the '"singleProjectMode": false' property in the firebase.json emulators config.
Sept 11, 2025 3:56:58 PM com.google.cloud.datastore.emulator.impl.context.EmulatorAuthorization warnAboutSecuredJwt
WARNING: expected an unsecured JWT, the emulator does not validate JWTs and IS NOT SECURE
Sept 11, 2025 3:56:58 PM io.gapi.emulators.netty.HttpVersionRoutingHandler channelRead
INFO: Detected non-HTTP/2 connection.
Sept 11, 2025 3:56:58 PM io.gapi.emulators.netty.HttpVersionRoutingHandler channelRead
INFO: Detected non-HTTP/2 connection.
Sept 11, 2025 3:56:58 PM io.gapi.emulators.netty.HttpVersionRoutingHandler channelRead
INFO: Detected non-HTTP/2 connection.
Sept 11, 2025 3:57:58 PM io.gapi.emulators.netty.HttpVersionRoutingHandler channelRead
INFO: Detected non-HTTP/2 connection.
Sept 11, 2025 3:57:58 PM com.google.cloud.datastore.emulator.firestore.webchannel.FirestoreV1WebChannelAdapter$FirestoreListenHandler onClose
INFO: channel closed
Sept 11, 2025 5:20:53 PM com.google.cloud.datastore.emulator.firestore.websocket.WebSocketChannelHandler channelClosed
INFO: Websocket client disconnected
Sept 11, 2025 5:20:53 PM com.google.cloud.datastore.emulator.firestore.websocket.WebSocketChannelHandler initChannel
INFO: Connected to new websocket client
